#
# A fatal error has been detected by the Java Runtime Environment:
#
#  EXCEPTION_ACCESS_VIOLATION (0xc0000005) at pc=0x0000000066e81886, pid=15424, tid=23628
#
# JRE version: Java(TM) SE Runtime Environment (16.0.2+7) (build 16.0.2+7-67)
# Java VM: Java HotSpot(TM) 64-Bit Server VM (16.0.2+7-67, mixed mode, sharing, tiered, compressed oops, compressed class ptrs, g1 gc, windows-amd64)
# Problematic frame:
# C  [native.dll+0x1886]
#
# No core dump will be written. Minidumps are not enabled by default on client versions of Windows
#
# If you would like to submit a bug report, please visit:
#   https://bugreport.java.com/bugreport/crash.jsp
# The crash happened outside the Java Virtual Machine in native code.
# See problematic frame for where to report the bug.
#

---------------  S U M M A R Y ------------

Command Line: jniConnector

Host: Intel(R) Core(TM) i7-8850H CPU @ 2.60GHz, 12 cores, 15G,  Windows 10 , 64 bit Build 19041 (10.0.19041.1348)
Time: Wed Dec 15 14:57:14 2021 India Standard Time elapsed time: 0.112056 seconds (0d 0h 0m 0s)

---------------  T H R E A D  ---------------

Current thread (0x000001c1e3d8e400):  JavaThread "main" [_thread_in_native, id=23628, stack(0x000000400c700000,0x000000400c800000)]

Stack: [0x000000400c700000,0x000000400c800000],  sp=0x000000400c7fdad0,  free space=1014k
Native frames: (J=compiled Java code, j=interpreted, Vv=VM code, C=native code)
C  [native.dll+0x1886]

Java frames: (J=compiled Java code, j=interpreted, Vv=VM code)
j  jniConnector.getEventRecords()[LeventRecord;+0
j  jniConnector.main([Ljava/lang/String;)V+0
v  ~StubRoutines::call_stub

siginfo: EXCEPTION_ACCESS_VIOLATION (0xc0000005), reading address 0x0000000000000000


Register to memory mapping:

RIP=0x0000000066e81886 native.dll
RAX=0x0 is NULL
RBX={method} {0x000001c18a400568} 'getEventRecords' '()[LeventRecord;' in 'jniConnector'
RCX=0x83d3bb28bdaa0000 is an unknown value
RDX=0x0 is NULL
RSP=0x000000400c7fdad0 is pointing into the stack for thread: 0x000001c1e3d8e400
RBP=0x000000400c7fdb50 is pointing into the stack for thread: 0x000001c1e3d8e400
RSI=0x0000000000000001 is an unknown value
RDI=0x000000400c7ff6d0 is pointing into the stack for thread: 0x000001c1e3d8e400
R8 =0x0 is NULL
R9 =0x000000400c7fd9e8 is pointing into the stack for thread: 0x000001c1e3d8e400
R10=0x0000000000000011 is an unknown value
R11=0x000001c1e4081e90 points into unknown readable memory: 0x000001c18a813990 | 90 39 81 8a c1 01 00 00
R12=0x0 is NULL
R13={method} {0x000001c18a400568} 'getEventRecords' '()[LeventRecord;' in 'jniConnector'
R14=0x000000400c7ff218 is pointing into the stack for thread: 0x000001c1e3d8e400
R15=0x000001c1e3d8e400 is a thread


Registers:
RAX=0x0000000000000000, RBX=0x000001c18a400560, RCX=0x83d3bb28bdaa0000, RDX=0x0000000000000000
RSP=0x000000400c7fdad0, RBP=0x000000400c7fdb50, RSI=0x0000000000000001, RDI=0x000000400c7ff6d0
R8 =0x0000000000000000, R9 =0x000000400c7fd9e8, R10=0x0000000000000011, R11=0x000001c1e4081e90
R12=0x0000000000000000, R13=0x000001c18a400560, R14=0x000000400c7ff218, R15=0x000001c1e3d8e400
RIP=0x0000000066e81886, EFLAGS=0x0000000000010206

Top of Stack: (sp=0x000000400c7fdad0)
0x000000400c7fdad0:   000001c18a400560 0000000066e871c1
0x000000400c7fdae0:   0000000066e87166 7eff7efd41ff0931
0x000000400c7fdaf0:   0000000000001000 000000400c7ff06c
0x000000400c7fdb00:   000000400c7ff068 0000000000000000
0x000000400c7fdb10:   0000000000000000 0000000000000000
0x000000400c7fdb20:   000000400c7fdb30 000000000000000c
0x000000400c7fdb30:   616d726f666e4920 000000006e6f6974
0x000000400c7fdb40:   0000000000000000 0000000000000000
0x000000400c7fdb50:   0000000000000000 0000000000000000
0x000000400c7fdb60:   0000000000000000 0000000000000000
0x000000400c7fdb70:   0000000000000000 0000000000000000
0x000000400c7fdb80:   0000000000000000 0000000000000000
0x000000400c7fdb90:   0000000000000000 0000000000000000
0x000000400c7fdba0:   0000000000000000 0000000000000000
0x000000400c7fdbb0:   0000000000000000 0000000000000000
0x000000400c7fdbc0:   0000000000000000 0000000000000000 

Instructions: (pc=0x0000000066e81886)
0x0000000066e81786:   00 48 89 c1 e8 71 0d 00 00 eb 2d 48 8d 05 0e 5a
0x0000000066e81796:   00 00 48 89 85 78 15 00 00 48 8d 45 d0 48 8d 15
0x0000000066e817a6:   fc 59 00 00 48 89 c1 e8 4e 0d 00 00 eb 0a bb 00
0x0000000066e817b6:   00 00 00 e9 07 07 00 00 48 8b 85 60 15 00 00 8b
0x0000000066e817c6:   40 14 98 89 85 5c 15 00 00 48 8b 85 60 15 00 00
0x0000000066e817d6:   8b 40 14 0f bf d0 48 8d 85 10 14 00 00 41 89 d0
0x0000000066e817e6:   48 8d 15 c9 59 00 00 48 89 c1 e8 4b 21 00 00 48
0x0000000066e817f6:   8d 85 10 14 00 00 48 8b 8d b0 15 00 00 48 89 c2
0x0000000066e81806:   e8 e5 0c 00 00 48 8b 95 78 15 00 00 48 8d 85 10
0x0000000066e81816:   14 00 00 49 89 d0 48 8d 15 9e 59 00 00 48 89 c1
0x0000000066e81826:   e8 15 21 00 00 48 8d 85 10 14 00 00 48 8b 8d b0
0x0000000066e81836:   15 00 00 48 89 c2 e8 af 0c 00 00 48 8b 85 60 15
0x0000000066e81846:   00 00 48 83 c0 10 48 89 85 50 15 00 00 48 8b 85
0x0000000066e81856:   50 15 00 00 48 89 85 48 15 00 00 48 8b 85 48 15
0x0000000066e81866:   00 00 48 89 c2 48 8b 0d ee 5b 00 00 e8 d9 0c 00
0x0000000066e81876:   00 48 8b 85 48 15 00 00 48 89 c1 e8 da 20 00 00
0x0000000066e81886:   48 8b 10 48 89 95 b0 00 00 00 48 8b 50 08 48 89
0x0000000066e81896:   95 b8 00 00 00 48 8b 50 10 48 89 95 c0 00 00 00
0x0000000066e818a6:   48 8b 50 18 48 89 95 c8 00 00 00 8b 40 20 89 85
0x0000000066e818b6:   d0 00 00 00 ba 08 00 00 00 b9 10 00 00 00 e8 37
0x0000000066e818c6:   37 00 00 89 c2 48 8d 85 e0 00 00 00 48 89 c1 e8
0x0000000066e818d6:   ee 0b 00 00 48 8d 85 20 15 00 00 48 8d 95 b0 00
0x0000000066e818e6:   00 00 4c 8d 05 dd 58 00 00 48 89 c1 e8 d9 33 00
0x0000000066e818f6:   00 48 8b 85 20 15 00 00 48 8b 95 28 15 00 00 48
0x0000000066e81906:   89 45 c0 48 89 55 c8 48 8d 45 c0 48 8d 95 e0 00
0x0000000066e81916:   00 00 48 8d 4a 10 48 89 c2 e8 dc 33 00 00 48 8d
0x0000000066e81926:   45 f0 48 8d 95 e0 00 00 00 48 89 c1 e8 51 0c 00
0x0000000066e81936:   00 48 8d 45 f0 48 89 c2 48 8b 0d 4b 5b 00 00 e8
0x0000000066e81946:   1e 0b 00 00 48 8b 15 2f 5b 00 00 48 89 c1 e8 d7
0x0000000066e81956:   0b 00 00 48 8d 85 3c 15 00 00 48 89 c1 e8 00 0c
0x0000000066e81966:   00 00 48 8d 95 3c 15 00 00 48 8d 45 10 49 89 d0
0x0000000066e81976:   48 8d 15 5b 58 00 00 48 89 c1 e8 93 0b 00 00 48 


Stack slot to memory mapping:
stack at sp + 0 slots: {method} {0x000001c18a400568} 'getEventRecords' '()[LeventRecord;' in 'jniConnector'
stack at sp + 1 slots: 0x0000000066e871c1 native.dll
stack at sp + 2 slots: 0x0000000066e87166 native.dll
stack at sp + 3 slots: 0x7eff7efd41ff0931 is an unknown value
stack at sp + 4 slots: 0x0000000000001000 is an unknown value
stack at sp + 5 slots: 0x000000400c7ff06c is pointing into the stack for thread: 0x000001c1e3d8e400
stack at sp + 6 slots: 0x000000400c7ff068 is pointing into the stack for thread: 0x000001c1e3d8e400
stack at sp + 7 slots: 0x0 is NULL


---------------  P R O C E S S  ---------------

Threads class SMR info:
_java_thread_list=0x000001c1ffb108d0, length=12, elements={
0x000001c1e3d8e400, 0x000001c1feea9f30, 0x000001c1feeacb40, 0x000001c1feebe470,
0x000001c1ff9f1fa0, 0x000001c1ff9f4ab0, 0x000001c1ff9f5c50, 0x000001c1ff9f99a0,
0x000001c1ff9fab80, 0x000001c1ff9fb5c0, 0x000001c1ffb32690, 0x000001c1ffb43480
}

Java Threads: ( => current thread )
=>0x000001c1e3d8e400 JavaThread "main" [_thread_in_native, id=23628, stack(0x000000400c700000,0x000000400c800000)]
  0x000001c1feea9f30 JavaThread "Reference Handler" daemon [_thread_blocked, id=11868, stack(0x000000400ce00000,0x000000400cf00000)]
  0x000001c1feeacb40 JavaThread "Finalizer" daemon [_thread_blocked, id=6564, stack(0x000000400cf00000,0x000000400d000000)]
  0x000001c1feebe470 JavaThread "Signal Dispatcher" daemon [_thread_blocked, id=12060, stack(0x000000400d000000,0x000000400d100000)]
  0x000001c1ff9f1fa0 JavaThread "Attach Listener" daemon [_thread_blocked, id=21892, stack(0x000000400d100000,0x000000400d200000)]
  0x000001c1ff9f4ab0 JavaThread "Service Thread" daemon [_thread_blocked, id=22792, stack(0x000000400d200000,0x000000400d300000)]
  0x000001c1ff9f5c50 JavaThread "Monitor Deflation Thread" daemon [_thread_blocked, id=22624, stack(0x000000400d300000,0x000000400d400000)]
  0x000001c1ff9f99a0 JavaThread "C2 CompilerThread0" daemon [_thread_blocked, id=19472, stack(0x000000400d400000,0x000000400d500000)]
  0x000001c1ff9fab80 JavaThread "C1 CompilerThread0" daemon [_thread_blocked, id=1820, stack(0x000000400d500000,0x000000400d600000)]
  0x000001c1ff9fb5c0 JavaThread "Sweeper thread" daemon [_thread_blocked, id=2016, stack(0x000000400d600000,0x000000400d700000)]
  0x000001c1ffb32690 JavaThread "Notification Thread" daemon [_thread_blocked, id=9388, stack(0x000000400d700000,0x000000400d800000)]
  0x000001c1ffb43480 JavaThread "Common-Cleaner" daemon [_thread_blocked, id=23480, stack(0x000000400d900000,0x000000400da00000)]

Other Threads:
  0x000001c1feea7cb0 VMThread "VM Thread" [stack: 0x000000400cd00000,0x000000400ce00000] [id=20188]
  0x000001c1ffb42ff0 WatcherThread [stack: 0x000000400d800000,0x000000400d900000] [id=20368]
  0x000001c1e68e4e00 GCTaskThread "GC Thread#0" [stack: 0x000000400c800000,0x000000400c900000] [id=12316]
  0x000001c1fecc7ec0 ConcurrentGCThread "G1 Main Marker" [stack: 0x000000400c900000,0x000000400ca00000] [id=6040]
  0x000001c1fecc93f0 ConcurrentGCThread "G1 Conc#0" [stack: 0x000000400ca00000,0x000000400cb00000] [id=20816]
  0x000001c1fedd7f20 ConcurrentGCThread "G1 Refine#0" [stack: 0x000000400cb00000,0x000000400cc00000] [id=8184]
  0x000001c1fedd89a0 ConcurrentGCThread "G1 Service" [stack: 0x000000400cc00000,0x000000400cd00000] [id=16104]

Threads with active compile tasks:

VM state: not at safepoint (normal execution)

VM Mutex/Monitor currently owned by a thread: None

Heap address: 0x0000000703c00000, size: 4036 MB, Compressed Oops mode: Zero based, Oop shift amount: 3

CDS archive(s) mapped at: [0x0000000800000000-0x0000000800bb0000-0x0000000800bb0000), size 12255232, SharedBaseAddress: 0x0000000800000000, ArchiveRelocationMode: 0.
Compressed class space mapped at: 0x0000000800c00000-0x0000000840c00000, reserved size: 1073741824
Narrow klass base: 0x0000000800000000, Narrow klass shift: 3, Narrow klass range: 0x100000000

GC Precious Log:
 CPUs: 12 total, 12 available
 Memory: 16137M
 Large Page Support: Disabled
 NUMA Support: Disabled
 Compressed Oops: Enabled (Zero based)
 Heap Region Size: 2M
 Heap Min Capacity: 8M
 Heap Initial Capacity: 254M
 Heap Max Capacity: 4036M
 Pre-touch: Disabled
 Parallel Workers: 10
 Concurrent Workers: 3
 Concurrent Refinement Workers: 10
 Periodic GC: Disabled

Heap:
 garbage-first heap   total 260096K, used 0K [0x0000000703c00000, 0x0000000800000000)
  region size 2048K, 1 young (2048K), 0 survivors (0K)
 Metaspace       used 166K, committed 384K, reserved 1056768K
  class space    used 4K, committed 128K, reserved 1048576K

Heap Regions: E=young(eden), S=young(survivor), O=old, HS=humongous(starts), HC=humongous(continues), CS=collection set, F=free, OA=open archive, CA=closed archive, TAMS=top-at-mark-start (previous, next)
|   0|0x0000000703c00000, 0x0000000703c00000, 0x0000000703e00000|  0%| F|  |TAMS 0x0000000703c00000, 0x0000000703c00000| Untracked 
|   1|0x0000000703e00000, 0x0000000703e00000, 0x0000000704000000|  0%| F|  |TAMS 0x0000000703e00000, 0x0000000703e00000| Untracked 
|   2|0x0000000704000000, 0x0000000704000000, 0x0000000704200000|  0%| F|  |TAMS 0x0000000704000000, 0x0000000704000000| Untracked 
|   3|0x0000000704200000, 0x0000000704200000, 0x0000000704400000|  0%| F|  |TAMS 0x0000000704200000, 0x0000000704200000| Untracked 
|   4|0x0000000704400000, 0x0000000704400000, 0x0000000704600000|  0%| F|  |TAMS 0x0000000704400000, 0x0000000704400000| Untracked 
|   5|0x0000000704600000, 0x0000000704600000, 0x0000000704800000|  0%| F|  |TAMS 0x0000000704600000, 0x0000000704600000| Untracked 
|   6|0x0000000704800000, 0x0000000704800000, 0x0000000704a00000|  0%| F|  |TAMS 0x0000000704800000, 0x0000000704800000| Untracked 
|   7|0x0000000704a00000, 0x0000000704a00000, 0x0000000704c00000|  0%| F|  |TAMS 0x0000000704a00000, 0x0000000704a00000| Untracked 
|   8|0x0000000704c00000, 0x0000000704c00000, 0x0000000704e00000|  0%| F|  |TAMS 0x0000000704c00000, 0x0000000704c00000| Untracked 
|   9|0x0000000704e00000, 0x0000000704e00000, 0x0000000705000000|  0%| F|  |TAMS 0x0000000704e00000, 0x0000000704e00000| Untracked 
|  10|0x0000000705000000, 0x0000000705000000, 0x0000000705200000|  0%| F|  |TAMS 0x0000000705000000, 0x0000000705000000| Untracked 
|  11|0x0000000705200000, 0x0000000705200000, 0x0000000705400000|  0%| F|  |TAMS 0x0000000705200000, 0x0000000705200000| Untracked 
|  12|0x0000000705400000, 0x0000000705400000, 0x0000000705600000|  0%| F|  |TAMS 0x0000000705400000, 0x0000000705400000| Untracked 
|  13|0x0000000705600000, 0x0000000705600000, 0x0000000705800000|  0%| F|  |TAMS 0x0000000705600000, 0x0000000705600000| Untracked 
|  14|0x0000000705800000, 0x0000000705800000, 0x0000000705a00000|  0%| F|  |TAMS 0x0000000705800000, 0x0000000705800000| Untracked 
|  15|0x0000000705a00000, 0x0000000705a00000, 0x0000000705c00000|  0%| F|  |TAMS 0x0000000705a00000, 0x0000000705a00000| Untracked 
|  16|0x0000000705c00000, 0x0000000705c00000, 0x0000000705e00000|  0%| F|  |TAMS 0x0000000705c00000, 0x0000000705c00000| Untracked 
|  17|0x0000000705e00000, 0x0000000705e00000, 0x0000000706000000|  0%| F|  |TAMS 0x0000000705e00000, 0x0000000705e00000| Untracked 
|  18|0x0000000706000000, 0x0000000706000000, 0x0000000706200000|  0%| F|  |TAMS 0x0000000706000000, 0x0000000706000000| Untracked 
|  19|0x0000000706200000, 0x0000000706200000, 0x0000000706400000|  0%| F|  |TAMS 0x0000000706200000, 0x0000000706200000| Untracked 
|  20|0x0000000706400000, 0x0000000706400000, 0x0000000706600000|  0%| F|  |TAMS 0x0000000706400000, 0x0000000706400000| Untracked 
|  21|0x0000000706600000, 0x0000000706600000, 0x0000000706800000|  0%| F|  |TAMS 0x0000000706600000, 0x0000000706600000| Untracked 
|  22|0x0000000706800000, 0x0000000706800000, 0x0000000706a00000|  0%| F|  |TAMS 0x0000000706800000, 0x0000000706800000| Untracked 
|  23|0x0000000706a00000, 0x0000000706a00000, 0x0000000706c00000|  0%| F|  |TAMS 0x0000000706a00000, 0x0000000706a00000| Untracked 
|  24|0x0000000706c00000, 0x0000000706c00000, 0x0000000706e00000|  0%| F|  |TAMS 0x0000000706c00000, 0x0000000706c00000| Untracked 
|  25|0x0000000706e00000, 0x0000000706e00000, 0x0000000707000000|  0%| F|  |TAMS 0x0000000706e00000, 0x0000000706e00000| Untracked 
|  26|0x0000000707000000, 0x0000000707000000, 0x0000000707200000|  0%| F|  |TAMS 0x0000000707000000, 0x0000000707000000| Untracked 
|  27|0x0000000707200000, 0x0000000707200000, 0x0000000707400000|  0%| F|  |TAMS 0x0000000707200000, 0x0000000707200000| Untracked 
|  28|0x0000000707400000, 0x0000000707400000, 0x0000000707600000|  0%| F|  |TAMS 0x0000000707400000, 0x0000000707400000| Untracked 
|  29|0x0000000707600000, 0x0000000707600000, 0x0000000707800000|  0%| F|  |TAMS 0x0000000707600000, 0x0000000707600000| Untracked 
|  30|0x0000000707800000, 0x0000000707800000, 0x0000000707a00000|  0%| F|  |TAMS 0x0000000707800000, 0x0000000707800000| Untracked 
|  31|0x0000000707a00000, 0x0000000707a00000, 0x0000000707c00000|  0%| F|  |TAMS 0x0000000707a00000, 0x0000000707a00000| Untracked 
|  32|0x0000000707c00000, 0x0000000707c00000, 0x0000000707e00000|  0%| F|  |TAMS 0x0000000707c00000, 0x0000000707c00000| Untracked 
|  33|0x0000000707e00000, 0x0000000707e00000, 0x0000000708000000|  0%| F|  |TAMS 0x0000000707e00000, 0x0000000707e00000| Untracked 
|  34|0x0000000708000000, 0x0000000708000000, 0x0000000708200000|  0%| F|  |TAMS 0x0000000708000000, 0x0000000708000000| Untracked 
|  35|0x0000000708200000, 0x0000000708200000, 0x0000000708400000|  0%| F|  |TAMS 0x0000000708200000, 0x0000000708200000| Untracked 
|  36|0x0000000708400000, 0x0000000708400000, 0x0000000708600000|  0%| F|  |TAMS 0x0000000708400000, 0x0000000708400000| Untracked 
|  37|0x0000000708600000, 0x0000000708600000, 0x0000000708800000|  0%| F|  |TAMS 0x0000000708600000, 0x0000000708600000| Untracked 
|  38|0x0000000708800000, 0x0000000708800000, 0x0000000708a00000|  0%| F|  |TAMS 0x0000000708800000, 0x0000000708800000| Untracked 
|  39|0x0000000708a00000, 0x0000000708a00000, 0x0000000708c00000|  0%| F|  |TAMS 0x0000000708a00000, 0x0000000708a00000| Untracked 
|  40|0x0000000708c00000, 0x0000000708c00000, 0x0000000708e00000|  0%| F|  |TAMS 0x0000000708c00000, 0x0000000708c00000| Untracked 
|  41|0x0000000708e00000, 0x0000000708e00000, 0x0000000709000000|  0%| F|  |TAMS 0x0000000708e00000, 0x0000000708e00000| Untracked 
|  42|0x0000000709000000, 0x0000000709000000, 0x0000000709200000|  0%| F|  |TAMS 0x0000000709000000, 0x0000000709000000| Untracked 
|  43|0x0000000709200000, 0x0000000709200000, 0x0000000709400000|  0%| F|  |TAMS 0x0000000709200000, 0x0000000709200000| Untracked 
|  44|0x0000000709400000, 0x0000000709400000, 0x0000000709600000|  0%| F|  |TAMS 0x0000000709400000, 0x0000000709400000| Untracked 
|  45|0x0000000709600000, 0x0000000709600000, 0x0000000709800000|  0%| F|  |TAMS 0x0000000709600000, 0x0000000709600000| Untracked 
|  46|0x0000000709800000, 0x0000000709800000, 0x0000000709a00000|  0%| F|  |TAMS 0x0000000709800000, 0x0000000709800000| Untracked 
|  47|0x0000000709a00000, 0x0000000709a00000, 0x0000000709c00000|  0%| F|  |TAMS 0x0000000709a00000, 0x0000000709a00000| Untracked 
|  48|0x0000000709c00000, 0x0000000709c00000, 0x0000000709e00000|  0%| F|  |TAMS 0x0000000709c00000, 0x0000000709c00000| Untracked 
|  49|0x0000000709e00000, 0x0000000709e00000, 0x000000070a000000|  0%| F|  |TAMS 0x0000000709e00000, 0x0000000709e00000| Untracked 
|  50|0x000000070a000000, 0x000000070a000000, 0x000000070a200000|  0%| F|  |TAMS 0x000000070a000000, 0x000000070a000000| Untracked 
|  51|0x000000070a200000, 0x000000070a200000, 0x000000070a400000|  0%| F|  |TAMS 0x000000070a200000, 0x000000070a200000| Untracked 
|  52|0x000000070a400000, 0x000000070a400000, 0x000000070a600000|  0%| F|  |TAMS 0x000000070a400000, 0x000000070a400000| Untracked 
|  53|0x000000070a600000, 0x000000070a600000, 0x000000070a800000|  0%| F|  |TAMS 0x000000070a600000, 0x000000070a600000| Untracked 
|  54|0x000000070a800000, 0x000000070a800000, 0x000000070aa00000|  0%| F|  |TAMS 0x000000070a800000, 0x000000070a800000| Untracked 
|  55|0x000000070aa00000, 0x000000070aa00000, 0x000000070ac00000|  0%| F|  |TAMS 0x000000070aa00000, 0x000000070aa00000| Untracked 
|  56|0x000000070ac00000, 0x000000070ac00000, 0x000000070ae00000|  0%| F|  |TAMS 0x000000070ac00000, 0x000000070ac00000| Untracked 
|  57|0x000000070ae00000, 0x000000070ae00000, 0x000000070b000000|  0%| F|  |TAMS 0x000000070ae00000, 0x000000070ae00000| Untracked 
|  58|0x000000070b000000, 0x000000070b000000, 0x000000070b200000|  0%| F|  |TAMS 0x000000070b000000, 0x000000070b000000| Untracked 
|  59|0x000000070b200000, 0x000000070b200000, 0x000000070b400000|  0%| F|  |TAMS 0x000000070b200000, 0x000000070b200000| Untracked 
|  60|0x000000070b400000, 0x000000070b400000, 0x000000070b600000|  0%| F|  |TAMS 0x000000070b400000, 0x000000070b400000| Untracked 
|  61|0x000000070b600000, 0x000000070b600000, 0x000000070b800000|  0%| F|  |TAMS 0x000000070b600000, 0x000000070b600000| Untracked 
|  62|0x000000070b800000, 0x000000070b800000, 0x000000070ba00000|  0%| F|  |TAMS 0x000000070b800000, 0x000000070b800000| Untracked 
|  63|0x000000070ba00000, 0x000000070ba00000, 0x000000070bc00000|  0%| F|  |TAMS 0x000000070ba00000, 0x000000070ba00000| Untracked 
|  64|0x000000070bc00000, 0x000000070bc00000, 0x000000070be00000|  0%| F|  |TAMS 0x000000070bc00000, 0x000000070bc00000| Untracked 
|  65|0x000000070be00000, 0x000000070be00000, 0x000000070c000000|  0%| F|  |TAMS 0x000000070be00000, 0x000000070be00000| Untracked 
|  66|0x000000070c000000, 0x000000070c000000, 0x000000070c200000|  0%| F|  |TAMS 0x000000070c000000, 0x000000070c000000| Untracked 
|  67|0x000000070c200000, 0x000000070c200000, 0x000000070c400000|  0%| F|  |TAMS 0x000000070c200000, 0x000000070c200000| Untracked 
|  68|0x000000070c400000, 0x000000070c400000, 0x000000070c600000|  0%| F|  |TAMS 0x000000070c400000, 0x000000070c400000| Untracked 
|  69|0x000000070c600000, 0x000000070c600000, 0x000000070c800000|  0%| F|  |TAMS 0x000000070c600000, 0x000000070c600000| Untracked 
|  70|0x000000070c800000, 0x000000070c800000, 0x000000070ca00000|  0%| F|  |TAMS 0x000000070c800000, 0x000000070c800000| Untracked 
|  71|0x000000070ca00000, 0x000000070ca00000, 0x000000070cc00000|  0%| F|  |TAMS 0x000000070ca00000, 0x000000070ca00000| Untracked 
|  72|0x000000070cc00000, 0x000000070cc00000, 0x000000070ce00000|  0%| F|  |TAMS 0x000000070cc00000, 0x000000070cc00000| Untracked 
|  73|0x000000070ce00000, 0x000000070ce00000, 0x000000070d000000|  0%| F|  |TAMS 0x000000070ce00000, 0x000000070ce00000| Untracked 
|  74|0x000000070d000000, 0x000000070d000000, 0x000000070d200000|  0%| F|  |TAMS 0x000000070d000000, 0x000000070d000000| Untracked 
|  75|0x000000070d200000, 0x000000070d200000, 0x000000070d400000|  0%| F|  |TAMS 0x000000070d200000, 0x000000070d200000| Untracked 
|  76|0x000000070d400000, 0x000000070d400000, 0x000000070d600000|  0%| F|  |TAMS 0x000000070d400000, 0x000000070d400000| Untracked 
|  77|0x000000070d600000, 0x000000070d600000, 0x000000070d800000|  0%| F|  |TAMS 0x000000070d600000, 0x000000070d600000| Untracked 
|  78|0x000000070d800000, 0x000000070d800000, 0x000000070da00000|  0%| F|  |TAMS 0x000000070d800000, 0x000000070d800000| Untracked 
|  79|0x000000070da00000, 0x000000070da00000, 0x000000070dc00000|  0%| F|  |TAMS 0x000000070da00000, 0x000000070da00000| Untracked 
|  80|0x000000070dc00000, 0x000000070dc00000, 0x000000070de00000|  0%| F|  |TAMS 0x000000070dc00000, 0x000000070dc00000| Untracked 
|  81|0x000000070de00000, 0x000000070de00000, 0x000000070e000000|  0%| F|  |TAMS 0x000000070de00000, 0x000000070de00000| Untracked 
|  82|0x000000070e000000, 0x000000070e000000, 0x000000070e200000|  0%| F|  |TAMS 0x000000070e000000, 0x000000070e000000| Untracked 
|  83|0x000000070e200000, 0x000000070e200000, 0x000000070e400000|  0%| F|  |TAMS 0x000000070e200000, 0x000000070e200000| Untracked 
|  84|0x000000070e400000, 0x000000070e400000, 0x000000070e600000|  0%| F|  |TAMS 0x000000070e400000, 0x000000070e400000| Untracked 
|  85|0x000000070e600000, 0x000000070e600000, 0x000000070e800000|  0%| F|  |TAMS 0x000000070e600000, 0x000000070e600000| Untracked 
|  86|0x000000070e800000, 0x000000070e800000, 0x000000070ea00000|  0%| F|  |TAMS 0x000000070e800000, 0x000000070e800000| Untracked 
|  87|0x000000070ea00000, 0x000000070ea00000, 0x000000070ec00000|  0%| F|  |TAMS 0x000000070ea00000, 0x000000070ea00000| Untracked 
|  88|0x000000070ec00000, 0x000000070ec00000, 0x000000070ee00000|  0%| F|  |TAMS 0x000000070ec00000, 0x000000070ec00000| Untracked 
|  89|0x000000070ee00000, 0x000000070ee00000, 0x000000070f000000|  0%| F|  |TAMS 0x000000070ee00000, 0x000000070ee00000| Untracked 
|  90|0x000000070f000000, 0x000000070f000000, 0x000000070f200000|  0%| F|  |TAMS 0x000000070f000000, 0x000000070f000000| Untracked 
|  91|0x000000070f200000, 0x000000070f200000, 0x000000070f400000|  0%| F|  |TAMS 0x000000070f200000, 0x000000070f200000| Untracked 
|  92|0x000000070f400000, 0x000000070f400000, 0x000000070f600000|  0%| F|  |TAMS 0x000000070f400000, 0x000000070f400000| Untracked 
|  93|0x000000070f600000, 0x000000070f600000, 0x000000070f800000|  0%| F|  |TAMS 0x000000070f600000, 0x000000070f600000| Untracked 
|  94|0x000000070f800000, 0x000000070f800000, 0x000000070fa00000|  0%| F|  |TAMS 0x000000070f800000, 0x000000070f800000| Untracked 
|  95|0x000000070fa00000, 0x000000070fa00000, 0x000000070fc00000|  0%| F|  |TAMS 0x000000070fa00000, 0x000000070fa00000| Untracked 
|  96|0x000000070fc00000, 0x000000070fc00000, 0x000000070fe00000|  0%| F|  |TAMS 0x000000070fc00000, 0x000000070fc00000| Untracked 
|  97|0x000000070fe00000, 0x000000070fe00000, 0x0000000710000000|  0%| F|  |TAMS 0x000000070fe00000, 0x000000070fe00000| Untracked 
|  98|0x0000000710000000, 0x0000000710000000, 0x0000000710200000|  0%| F|  |TAMS 0x0000000710000000, 0x0000000710000000| Untracked 
|  99|0x0000000710200000, 0x0000000710200000, 0x0000000710400000|  0%| F|  |TAMS 0x0000000710200000, 0x0000000710200000| Untracked 
| 100|0x0000000710400000, 0x0000000710400000, 0x0000000710600000|  0%| F|  |TAMS 0x0000000710400000, 0x0000000710400000| Untracked 
| 101|0x0000000710600000, 0x0000000710600000, 0x0000000710800000|  0%| F|  |TAMS 0x0000000710600000, 0x0000000710600000| Untracked 
| 102|0x0000000710800000, 0x0000000710800000, 0x0000000710a00000|  0%| F|  |TAMS 0x0000000710800000, 0x0000000710800000| Untracked 
| 103|0x0000000710a00000, 0x0000000710a00000, 0x0000000710c00000|  0%| F|  |TAMS 0x0000000710a00000, 0x0000000710a00000| Untracked 
| 104|0x0000000710c00000, 0x0000000710c00000, 0x0000000710e00000|  0%| F|  |TAMS 0x0000000710c00000, 0x0000000710c00000| Untracked 
| 105|0x0000000710e00000, 0x0000000710e00000, 0x0000000711000000|  0%| F|  |TAMS 0x0000000710e00000, 0x0000000710e00000| Untracked 
| 106|0x0000000711000000, 0x0000000711000000, 0x0000000711200000|  0%| F|  |TAMS 0x0000000711000000, 0x0000000711000000| Untracked 
| 107|0x0000000711200000, 0x0000000711200000, 0x0000000711400000|  0%| F|  |TAMS 0x0000000711200000, 0x0000000711200000| Untracked 
| 108|0x0000000711400000, 0x0000000711400000, 0x0000000711600000|  0%| F|  |TAMS 0x0000000711400000, 0x0000000711400000| Untracked 
| 109|0x0000000711600000, 0x0000000711600000, 0x0000000711800000|  0%| F|  |TAMS 0x0000000711600000, 0x0000000711600000| Untracked 
| 110|0x0000000711800000, 0x0000000711800000, 0x0000000711a00000|  0%| F|  |TAMS 0x0000000711800000, 0x0000000711800000| Untracked 
| 111|0x0000000711a00000, 0x0000000711a00000, 0x0000000711c00000|  0%| F|  |TAMS 0x0000000711a00000, 0x0000000711a00000| Untracked 
| 112|0x0000000711c00000, 0x0000000711c00000, 0x0000000711e00000|  0%| F|  |TAMS 0x0000000711c00000, 0x0000000711c00000| Untracked 
| 113|0x0000000711e00000, 0x0000000711e00000, 0x0000000712000000|  0%| F|  |TAMS 0x0000000711e00000, 0x0000000711e00000| Untracked 
| 114|0x0000000712000000, 0x0000000712000000, 0x0000000712200000|  0%| F|  |TAMS 0x0000000712000000, 0x0000000712000000| Untracked 
| 115|0x0000000712200000, 0x0000000712200000, 0x0000000712400000|  0%| F|  |TAMS 0x0000000712200000, 0x0000000712200000| Untracked 
| 116|0x0000000712400000, 0x0000000712400000, 0x0000000712600000|  0%| F|  |TAMS 0x0000000712400000, 0x0000000712400000| Untracked 
| 117|0x0000000712600000, 0x0000000712600000, 0x0000000712800000|  0%| F|  |TAMS 0x0000000712600000, 0x0000000712600000| Untracked 
| 118|0x0000000712800000, 0x0000000712800000, 0x0000000712a00000|  0%| F|  |TAMS 0x0000000712800000, 0x0000000712800000| Untracked 
| 119|0x0000000712a00000, 0x0000000712a00000, 0x0000000712c00000|  0%| F|  |TAMS 0x0000000712a00000, 0x0000000712a00000| Untracked 
| 120|0x0000000712c00000, 0x0000000712c00000, 0x0000000712e00000|  0%| F|  |TAMS 0x0000000712c00000, 0x0000000712c00000| Untracked 
| 121|0x0000000712e00000, 0x0000000712e00000, 0x0000000713000000|  0%| F|  |TAMS 0x0000000712e00000, 0x0000000712e00000| Untracked 
| 122|0x0000000713000000, 0x0000000713000000, 0x0000000713200000|  0%| F|  |TAMS 0x0000000713000000, 0x0000000713000000| Untracked 
| 123|0x0000000713200000, 0x0000000713200000, 0x0000000713400000|  0%| F|  |TAMS 0x0000000713200000, 0x0000000713200000| Untracked 
| 124|0x0000000713400000, 0x0000000713400000, 0x0000000713600000|  0%| F|  |TAMS 0x0000000713400000, 0x0000000713400000| Untracked 
| 125|0x0000000713600000, 0x0000000713600000, 0x0000000713800000|  0%| F|  |TAMS 0x0000000713600000, 0x0000000713600000| Untracked 
| 126|0x0000000713800000, 0x00000007139c29f8, 0x0000000713a00000| 88%| E|  |TAMS 0x0000000713800000, 0x0000000713800000| Complete 

Card table byte_map: [0x000001c1fdce0000,0x000001c1fe4d0000] _byte_map_base: 0x000001c1fa4c2000

Marking Bits (Prev, Next): (CMBitMap*) 0x000001c1e68e54f0, (CMBitMap*) 0x000001c1e68e5530
 Prev Bits: [0x000001c180000000, 0x000001c183f10000)
 Next Bits: [0x000001c183f10000, 0x000001c187e20000)

Polling page: 0x000001c1e5930000

Metaspace:

Usage:
  Non-class:    162.15 KB used.
      Class:      4.73 KB used.
       Both:    166.88 KB used.

Virtual space:
  Non-class space:        8.00 MB reserved,     256.00 KB (  3%) committed,  1 nodes.
      Class space:        1.00 GB reserved,     128.00 KB ( <1%) committed,  1 nodes.
              Both:        1.01 GB reserved,     384.00 KB ( <1%) committed. 

Chunk freelists:
   Non-Class:  3.99 MB
       Class:  3.75 MB
        Both:  7.74 MB

MaxMetaspaceSize: 17179869184.00 GB
CompressedClassSpaceSize: 1.00 GB
 - commit_granule_bytes: 65536.
 - commit_granule_words: 8192.
 - virtual_space_node_default_size: 1048576.
 - enlarge_chunks_in_place: 1.
 - new_chunks_are_fully_committed: 0.
 - uncommit_free_chunks: 1.
 - use_allocation_guard: 0.
 - handle_deallocations: 1.


Internal statistics:

num_allocs_failed_limit: 0.
num_arena_births: 4.
num_arena_deaths: 0.
num_vsnodes_births: 2.
num_vsnodes_deaths: 0.
num_space_committed: 6.
num_space_uncommitted: 0.
num_chunks_returned_to_freelist: 0.
num_chunks_taken_from_freelist: 5.
num_chunk_merges: 0.
num_chunk_splits: 2.
num_chunks_enlarged: 1.
num_purges: 0.

CodeHeap 'non-profiled nmethods': size=120000Kb used=12Kb max_used=12Kb free=119987Kb
 bounds [0x000001c1f5a60000, 0x000001c1f5cd0000, 0x000001c1fcf90000]
CodeHeap 'profiled nmethods': size=120000Kb used=72Kb max_used=72Kb free=119928Kb
 bounds [0x000001c1ee530000, 0x000001c1ee7a0000, 0x000001c1f5a60000]
CodeHeap 'non-nmethods': size=5760Kb used=1055Kb max_used=1067Kb free=4704Kb
 bounds [0x000001c1edf90000, 0x000001c1ee200000, 0x000001c1ee530000]
 total_blobs=366 nmethods=57 adapters=222
 compilation: enabled
              stopped_count=0, restarted_count=0
 full_count=0

Compilation events (20 events):
Event: 0.059 Thread 0x000001c1ff9fab80   38       1       java.lang.module.ResolvedModule::reference (5 bytes)
Event: 0.060 Thread 0x000001c1ff9fab80 nmethod 38 0x000001c1f5a62390 code [0x000001c1f5a62520, 0x000001c1f5a625f8]
Event: 0.060 Thread 0x000001c1ff9fab80   48       1       java.lang.module.ModuleDescriptor::isAutomatic (5 bytes)
Event: 0.060 Thread 0x000001c1ff9fab80 nmethod 48 0x000001c1f5a62690 code [0x000001c1f5a62820, 0x000001c1f5a628f8]
Event: 0.060 Thread 0x000001c1ff9fab80   52       1       java.util.ImmutableCollections$Set12::isEmpty (2 bytes)
Event: 0.060 Thread 0x000001c1ff9fab80 nmethod 52 0x000001c1f5a62990 code [0x000001c1f5a62b20, 0x000001c1f5a62bf8]
Event: 0.060 Thread 0x000001c1ff9fab80   49       1       java.lang.module.ResolvedModule::configuration (5 bytes)
Event: 0.060 Thread 0x000001c1ff9fab80 nmethod 49 0x000001c1f5a62c90 code [0x000001c1f5a62e20, 0x000001c1f5a62ef8]
Event: 0.060 Thread 0x000001c1ff9fab80   51       1       java.lang.module.ModuleDescriptor$Exports::targets (5 bytes)
Event: 0.060 Thread 0x000001c1ff9fab80 nmethod 51 0x000001c1f5a62f90 code [0x000001c1f5a63120, 0x000001c1f5a631f8]
Event: 0.063 Thread 0x000001c1ff9fab80   53       3       java.lang.AbstractStringBuilder::ensureCapacityInternal (39 bytes)
Event: 0.064 Thread 0x000001c1ff9fab80 nmethod 53 0x000001c1ee540b10 code [0x000001c1ee540cc0, 0x000001c1ee540ef8]
Event: 0.064 Thread 0x000001c1ff9fab80   54       3       java.lang.String::isEmpty (14 bytes)
Event: 0.064 Thread 0x000001c1ff9fab80 nmethod 54 0x000001c1ee541010 code [0x000001c1ee5411a0, 0x000001c1ee541318]
Event: 0.064 Thread 0x000001c1ff9fab80   55       3       java.lang.StringLatin1::indexOfChar (33 bytes)
Event: 0.064 Thread 0x000001c1ff9fab80 nmethod 55 0x000001c1ee541410 code [0x000001c1ee5415c0, 0x000001c1ee5417f8]
Event: 0.064 Thread 0x000001c1ff9fab80   56       3       java.lang.StringLatin1::canEncode (13 bytes)
Event: 0.064 Thread 0x000001c1ff9fab80 nmethod 56 0x000001c1ee541910 code [0x000001c1ee541aa0, 0x000001c1ee541bf8]
Event: 0.065 Thread 0x000001c1ff9fab80   57       3       java.lang.Math::min (11 bytes)
Event: 0.065 Thread 0x000001c1ff9fab80 nmethod 57 0x000001c1ee541c90 code [0x000001c1ee541e20, 0x000001c1ee541f58]

GC Heap History (0 events):
No events

Deoptimization events (0 events):
No events

Classes unloaded (0 events):
No events

Classes redefined (0 events):
No events

Internal exceptions (0 events):
No events

Events (20 events):
Event: 0.016 Loaded shared library C:\Program Files\Java\jdk-16.0.2\bin\java.dll
Event: 0.029 Thread 0x000001c1e3d8e400 Thread added: 0x000001c1e3d8e400
Event: 0.032 Thread 0x000001c1feea9f30 Thread added: 0x000001c1feea9f30
Event: 0.033 Thread 0x000001c1feeacb40 Thread added: 0x000001c1feeacb40
Event: 0.049 Thread 0x000001c1feebe470 Thread added: 0x000001c1feebe470
Event: 0.049 Thread 0x000001c1ff9f1fa0 Thread added: 0x000001c1ff9f1fa0
Event: 0.049 Thread 0x000001c1ff9f4ab0 Thread added: 0x000001c1ff9f4ab0
Event: 0.049 Thread 0x000001c1ff9f5c50 Thread added: 0x000001c1ff9f5c50
Event: 0.049 Thread 0x000001c1ff9f99a0 Thread added: 0x000001c1ff9f99a0
Event: 0.049 Thread 0x000001c1ff9fab80 Thread added: 0x000001c1ff9fab80
Event: 0.049 Thread 0x000001c1ff9fb5c0 Thread added: 0x000001c1ff9fb5c0
Event: 0.059 Thread 0x000001c1ffb32690 Thread added: 0x000001c1ffb32690
Event: 0.061 loading class jdk/internal/loader/URLClassPath$FileLoader
Event: 0.061 loading class jdk/internal/loader/URLClassPath$FileLoader done
Event: 0.061 loading class jdk/internal/loader/URLClassPath$FileLoader$1
Event: 0.061 loading class jdk/internal/loader/URLClassPath$FileLoader$1 done
Event: 0.063 Thread 0x000001c1ffb43480 Thread added: 0x000001c1ffb43480
Event: 0.064 loading class java/lang/UnsatisfiedLinkError
Event: 0.064 loading class java/lang/UnsatisfiedLinkError done
Event: 0.080 Loaded shared library D:\JNIExample\native.dll


Dynamic libraries:
0x00007ff7f9690000 - 0x00007ff7f96a0000 	C:\Program Files\Java\jdk-16.0.2\bin\java.exe
0x00007ffee5030000 - 0x00007ffee5225000 	C:\Windows\SYSTEM32\ntdll.dll
0x00007ffee4690000 - 0x00007ffee474e000 	C:\Windows\System32\KERNEL32.DLL
0x00007ffee2c20000 - 0x00007ffee2ee8000 	C:\Windows\System32\KERNELBASE.dll
0x00007ffee2b20000 - 0x00007ffee2c20000 	C:\Windows\System32\ucrtbase.dll
0x00007ffed7570000 - 0x00007ffed7589000 	C:\Program Files\Java\jdk-16.0.2\bin\VCRUNTIME140.dll
0x00007ffed7ca0000 - 0x00007ffed7cb8000 	C:\Program Files\Java\jdk-16.0.2\bin\jli.dll
0x00007ffee32a0000 - 0x00007ffee334c000 	C:\Windows\System32\ADVAPI32.dll
0x00007ffee4590000 - 0x00007ffee462e000 	C:\Windows\System32\msvcrt.dll
0x00007ffee44f0000 - 0x00007ffee458b000 	C:\Windows\System32\sechost.dll
0x00007ffee4e50000 - 0x00007ffee4f7a000 	C:\Windows\System32\RPCRT4.dll
0x00007ffee4340000 - 0x00007ffee44e1000 	C:\Windows\System32\USER32.dll
0x00007ffee3050000 - 0x00007ffee3072000 	C:\Windows\System32\win32u.dll
0x00007ffee4650000 - 0x00007ffee467b000 	C:\Windows\System32\GDI32.dll
0x00007ffee2960000 - 0x00007ffee2a6b000 	C:\Windows\System32\gdi32full.dll
0x00007ffee27a0000 - 0x00007ffee283d000 	C:\Windows\System32\msvcp_win.dll
0x00007ffec5bc0000 - 0x00007ffec5e5a000 	C:\Windows\WinSxS\amd64_microsoft.windows.common-controls_6595b64144ccf1df_6.0.19041.1110_none_60b5254171f9507e\COMCTL32.dll
0x00007ffed9030000 - 0x00007ffed903a000 	C:\Windows\SYSTEM32\VERSION.dll
0x00007ffee31e0000 - 0x00007ffee3210000 	C:\Windows\System32\IMM32.DLL
0x00007ffed63a0000 - 0x00007ffed65a2000 	C:\Windows\system32\tmumh\20019\AddOn\8.53.0.1118\TmUmEvt64.dll
0x00007ffee4680000 - 0x00007ffee4688000 	C:\Windows\System32\PSAPI.DLL
0x000000005ec20000 - 0x000000005ed8f000 	C:\Windows\system32\tmumh\20019\TmMon\2.8.0.1051\tmmon64.dll
0x00007ffed8ee0000 - 0x00007ffed8eec000 	C:\Program Files\Java\jdk-16.0.2\bin\vcruntime140_1.dll
0x00007ffe693b0000 - 0x00007ffe69441000 	C:\Program Files\Java\jdk-16.0.2\bin\msvcp140.dll
0x00007ffe430c0000 - 0x00007ffe43c6b000 	C:\Program Files\Java\jdk-16.0.2\bin\server\jvm.dll
0x00007ffed3fc0000 - 0x00007ffed3fc9000 	C:\Windows\SYSTEM32\WSOCK32.dll
0x00007ffee4f80000 - 0x00007ffee4feb000 	C:\Windows\System32\WS2_32.dll
0x00007ffed4430000 - 0x00007ffed4457000 	C:\Windows\SYSTEM32\WINMM.dll
0x00007ffee0fd0000 - 0x00007ffee0fe2000 	C:\Windows\SYSTEM32\kernel.appcore.dll
0x00007ffed75d0000 - 0x00007ffed75da000 	C:\Program Files\Java\jdk-16.0.2\bin\jimage.dll
0x00007ffee0540000 - 0x00007ffee0724000 	C:\Windows\SYSTEM32\DBGHELP.DLL
0x00007ffed6d40000 - 0x00007ffed6d6c000 	C:\Windows\SYSTEM32\dbgcore.DLL
0x00007ffee2870000 - 0x00007ffee28f3000 	C:\Windows\System32\bcryptPrimitives.dll
0x00007ffec7840000 - 0x00007ffec7865000 	C:\Program Files\Java\jdk-16.0.2\bin\java.dll
0x00007ffee3880000 - 0x00007ffee3fbf000 	C:\Windows\System32\SHELL32.dll
0x00007ffee0830000 - 0x00007ffee0fc0000 	C:\Windows\SYSTEM32\windows.storage.dll
0x00007ffee4900000 - 0x00007ffee4c55000 	C:\Windows\System32\combase.dll
0x00007ffee21a0000 - 0x00007ffee21ce000 	C:\Windows\SYSTEM32\Wldp.dll
0x00007ffee3fc0000 - 0x00007ffee406d000 	C:\Windows\System32\SHCORE.dll
0x00007ffee40d0000 - 0x00007ffee4125000 	C:\Windows\System32\shlwapi.dll
0x00007ffee2690000 - 0x00007ffee26af000 	C:\Windows\SYSTEM32\profapi.dll
0x0000000066e80000 - 0x0000000066e98000 	D:\JNIExample\native.dll
0x0000000061440000 - 0x000000006145a000 	C:\Program Files\mingw-w64\x86_64-8.1.0-posix-seh-rt_v6-rev0\mingw64\bin\libgcc_s_seh-1.dll
0x000000006fc40000 - 0x000000006fda3000 	C:\Program Files\mingw-w64\x86_64-8.1.0-posix-seh-rt_v6-rev0\mingw64\bin\libstdc++-6.dll
0x0000000064940000 - 0x0000000064955000 	C:\Program Files\mingw-w64\x86_64-8.1.0-posix-seh-rt_v6-rev0\mingw64\bin\libwinpthread-1.dll

dbghelp: loaded successfully - version: 4.0.5 - missing functions: none
symbol engine: initialized successfully - sym options: 0x614 - pdb path: .;C:\Program Files\Java\jdk-16.0.2\bin;C:\Windows\SYSTEM32;C:\Windows\WinSxS\amd64_microsoft.windows.common-controls_6595b64144ccf1df_6.0.19041.1110_none_60b5254171f9507e;C:\Windows\system32\tmumh\20019\AddOn\8.53.0.1118;C:\Windows\system32\tmumh\20019\TmMon\2.8.0.1051;C:\Program Files\Java\jdk-16.0.2\bin\server;D:\JNIExample;C:\Program Files\mingw-w64\x86_64-8.1.0-posix-seh-rt_v6-rev0\mingw64\bin

VM Arguments:
java_command: jniConnector
java_class_path (initial): .
Launcher Type: SUN_STANDARD

[Global flags]
     intx CICompilerCount                          = 4                                         {product} {ergonomic}
     uint ConcGCThreads                            = 3                                         {product} {ergonomic}
     uint G1ConcRefinementThreads                  = 10                                        {product} {ergonomic}
   size_t G1HeapRegionSize                         = 2097152                                   {product} {ergonomic}
    uintx GCDrainStackTargetSize                   = 64                                        {product} {ergonomic}
   size_t InitialHeapSize                          = 266338304                                 {product} {ergonomic}
   size_t MarkStackSize                            = 4194304                                   {product} {ergonomic}
   size_t MaxHeapSize                              = 4232052736                                {product} {ergonomic}
   size_t MaxNewSize                               = 2537553920                                {product} {ergonomic}
   size_t MinHeapDeltaBytes                        = 2097152                                   {product} {ergonomic}
   size_t MinHeapSize                              = 8388608                                   {product} {ergonomic}
    uintx NonNMethodCodeHeapSize                   = 5839372                                {pd product} {ergonomic}
    uintx NonProfiledCodeHeapSize                  = 122909434                              {pd product} {ergonomic}
    uintx ProfiledCodeHeapSize                     = 122909434                              {pd product} {ergonomic}
    uintx ReservedCodeCacheSize                    = 251658240                              {pd product} {ergonomic}
     bool SegmentedCodeCache                       = true                                      {product} {ergonomic}
   size_t SoftMaxHeapSize                          = 4232052736                             {manageable} {ergonomic}
     bool UseCompressedClassPointers               = true                           {product lp64_product} {ergonomic}
     bool UseCompressedOops                        = true                           {product lp64_product} {ergonomic}
     bool UseG1GC                                  = true                                      {product} {ergonomic}
     bool UseLargePagesIndividualAllocation        = false                                  {pd product} {ergonomic}

Logging:
Log output configuration:
 #0: stdout all=warning uptime,level,tags
 #1: stderr all=off uptime,level,tags

Environment Variables:
JAVA_HOME=C:\Program Files\Java\jdk-16.0.2
PATH=C:\Program Files\Common Files\Oracle\Java\javapath;C:\Program Files\OpenJDK\jdk-11.0.8.10-hotspot\bin;C:\Program Files\Python38\Scripts\;C:\Program Files\Python38\;C:\Windows\system32;C:\Windows;C:\Windows\System32\Wbem;C:\Windows\System32\WindowsPowerShell\v1.0\;C:\Windows\System32\OpenSSH\;C:\Program Files\Intel\WiFi\bin\;C:\Program Files\Common Files\Intel\WirelessCommon\;C:\Windows\system32;C:\Windows;C:\Windows\System32\Wbem;C:\Windows\System32\WindowsPowerShell\v1.0\;C:\Windows\System32\OpenSSH\;C:\Program Files\Mercurial\;C:\Program Files (x86)\NVIDIA Corporation\PhysX\Common;C:\Program Files\Git\cmd;C:\Program Files\nodejs\;C:\Program Files\Java\jdk-16.0.2\bin;C:\Program Files\mingw-w64\x86_64-8.1.0-posix-seh-rt_v6-rev0\mingw64\bin;C:\Users\gunal-pt4536\AppData\Local\Microsoft\WindowsApps;;C:\Users\gunal-pt4536\AppData\Local\Programs\Microsoft VS Code\bin;C:\Users\gunal-pt4536\AppData\Roaming\npm
USERNAME=gunal-pt4536
OS=Windows_NT
PROCESSOR_IDENTIFIER=Intel64 Family 6 Model 158 Stepping 10, GenuineIntel



---------------  S Y S T E M  ---------------

OS:
 Windows 10 , 64 bit Build 19041 (10.0.19041.1348)
OS uptime: 1 days 18:05 hours

CPU: total 12 (initial active 12) (6 cores per cpu, 2 threads per core) family 6 model 158 stepping 10 microcode 0xea, cx8, cmov, fxsr, ht, mmx, 3dnowpref, sse, sse2, sse3, ssse3, sse4.1, sse4.2, popcnt, lzcnt, tsc, tscinvbit, avx, avx2, aes, erms, clmul, bmi1, bmi2, rtm, adx, fma, vzeroupper, clflush, clflushopt

Memory: 4k page, system-wide physical 16137M (4618M free)
TotalPageFile size 23813M (AvailPageFile size 4214M)
current process WorkingSet (physical memory assigned to process): 31M, peak: 31M
current process commit charge ("private bytes"): 348M, peak: 348M

vm_info: Java HotSpot(TM) 64-Bit Server VM (16.0.2+7-67) for windows-amd64 JRE (16.0.2+7-67), built on Jun  8 2021 23:24:19 by "mach5one" with MS VC++ 16.7 (VS2019)

END.
